0 info it worked if it ends with ok
1 verbose cli [ '/usr/local/bin/node', '/usr/local/bin/npm', 'run', 'mocha' ]
2 info using npm@3.10.9
3 info using node@v6.9.2
4 verbose run-script [ 'premocha', 'mocha', 'postmocha' ]
5 info lifecycle users@1.0.0~premocha: users@1.0.0
6 silly lifecycle users@1.0.0~premocha: no script for premocha, continuing
7 info lifecycle users@1.0.0~mocha: users@1.0.0
8 verbose lifecycle users@1.0.0~mocha: unsafe-perm in lifecycle true
9 verbose lifecycle users@1.0.0~mocha: PATH: /usr/local/lib/node_modules/npm/bin/node-gyp-bin:/Users/fall/lab/mongodb/prod/users/node_modules/.bin:~/.composer/vendor/bin/:/usr/local/bin:/usr/bin:/bin:/usr/sbin:/sbin:/usr/local/Cellar/mysql/5.7.14/bin
10 verbose lifecycle users@1.0.0~mocha: CWD: /Users/fall/lab/mongodb/prod/users
11 silly lifecycle users@1.0.0~mocha: Args: [ '-c', 'mocha -R min' ]
12 silly lifecycle users@1.0.0~mocha: Returned: code: 1  signal: null
13 info lifecycle users@1.0.0~mocha: Failed to exec mocha script
14 verbose stack Error: users@1.0.0 mocha: `mocha -R min`
14 verbose stack Exit status 1
14 verbose stack     at EventEmitter.<anonymous> (/usr/local/lib/node_modules/npm/lib/utils/lifecycle.js:255:16)
14 verbose stack     at emitTwo (events.js:106:13)
14 verbose stack     at EventEmitter.emit (events.js:191:7)
14 verbose stack     at ChildProcess.<anonymous> (/usr/local/lib/node_modules/npm/lib/utils/spawn.js:40:14)
14 verbose stack     at emitTwo (events.js:106:13)
14 verbose stack     at ChildProcess.emit (events.js:191:7)
14 verbose stack     at maybeClose (internal/child_process.js:877:16)
14 verbose stack     at Process.ChildProcess._handle.onexit (internal/child_process.js:226:5)
15 verbose pkgid users@1.0.0
16 verbose cwd /Users/fall/lab/mongodb/prod/users
17 error Darwin 15.3.0
18 error argv "/usr/local/bin/node" "/usr/local/bin/npm" "run" "mocha"
19 error node v6.9.2
20 error npm  v3.10.9
21 error code ELIFECYCLE
22 error users@1.0.0 mocha: `mocha -R min`
22 error Exit status 1
23 error Failed at the users@1.0.0 mocha script 'mocha -R min'.
23 error Make sure you have the latest version of node.js and npm installed.
23 error If you do, this is most likely a problem with the users package,
23 error not with npm itself.
23 error Tell the author that this fails on your system:
23 error     mocha -R min
23 error You can get information on how to open an issue for this project with:
23 error     npm bugs users
23 error Or if that isn't available, you can get their info via:
23 error     npm owner ls users
23 error There is likely additional logging output above.
24 verbose exit [ 1, true ]
